<?xml version="1.0" encoding="UTF-8"?>
<testsuite name="Test insert element handler" tests="2" skipped="0" failures="0" errors="0" timestamp="2021-06-28T07:24:20" hostname="Jorges-MacBook-Pro.local" time="0.979">
  <properties/>
  <testcase name="add_element_ko()" classname="com.example.starter.handlers.TestAddElementHandler" time="0.972"/>
  <testcase name="add_element_ok()" classname="com.example.starter.handlers.TestAddElementHandler" time="0.006"/>
  <system-out><![CDATA[]]></system-out>
  <system-err><![CDATA[]]></system-err>
</testsuite>
